<?xml version="1.0" encoding="UTF-8"?>
<testsuite xmlns:xsi="http://www.w3.org/2001/XMLSchema-instance" xsi:noNamespaceSchemaLocation="https://maven.apache.org/surefire/maven-surefire-plugin/xsd/surefire-test-report.xsd" name="edu.cmu.cs780.hw3.BoardTest" time="0.054" tests="5" errors="1" skipped="0" failures="1">
  <properties>
[...]
</properties>
  <testcase name="testEmptyPrettyPrintBoard" classname="edu.cmu.cs780.hw3.BoardTest" time="0.004"/>
  <testcase name="testPlayGameIsOver" classname="edu.cmu.cs780.hw3.BoardTest" time="0"/>
  <testcase name="testPlaySecondMove" classname="edu.cmu.cs780.hw3.BoardTest" time="0.008">
    <failure message="expected:&lt;...000&#10;0000000&#10;0000000&#10;[2]000000&#10;1000000&#10;&gt; but was:&lt;...000&#10;0000000&#10;0000000&#10;[1]000000&#10;1000000&#10;&gt;" type="org.junit.ComparisonFailure"><![CDATA[org.junit.ComparisonFailure: 
expected:<...000
0000000
0000000
[2]000000
1000000
> but was:<...000
0000000
0000000
[1]000000
1000000
>
	at edu.cmu.cs780.hw3.BoardTest.testPlaySecondMove(BoardTest.java:95)
]]></failure>
  </testcase>
  <testcase name="testPlayCannotPlaceChestAtColumn" classname="edu.cmu.cs780.hw3.BoardTest" time="0">
    <error message="Unresolved compilation problem: &#10;	String literal is not properly closed by a double-quote&#10;" type="java.lang.Error">java.lang.Error: 
Unresolved compilation problem: 
	String literal is not properly closed by a double-quote

	at edu.cmu.cs780.hw3.BoardTest.testPlayCannotPlaceChestAtColumn(BoardTest.java:116)
</error>
  </testcase>
  <testcase name="testPlayFirstMove" classname="edu.cmu.cs780.hw3.BoardTest" time="0.002"/>
</testsuite>