<?xml version="1.0" encoding="UTF-8"?>
<testsuite xmlns:xsi="http://www.w3.org/2001/XMLSchema-instance" xsi:noNamespaceSchemaLocation="https://maven.apache.org/surefire/maven-surefire-plugin/xsd/surefire-test-report.xsd" name="edu.cmu.cs780.hw3.BoardTest" time="0.054" tests="5" errors="1" skipped="0" failures="1">
  <properties>
    <property name="java.specification.version" value="19"/>
    <property name="sun.jnu.encoding" value="UTF-8"/>
    <property name="java.class.path" value="/Users/yun/Desktop/ApiDesignHW3/hw3/target/test-classes:/Users/yun/Desktop/ApiDesignHW3/hw3/target/classes:/Users/yun/.m2/repository/junit/junit/4.11/junit-4.11.jar:/Users/yun/.m2/repository/org/hamcrest/hamcrest-core/1.3/hamcrest-core-1.3.jar:"/>
    <property name="java.vm.vendor" value="Oracle Corporation"/>
    <property name="sun.arch.data.model" value="64"/>
    <property name="java.vendor.url" value="https://java.oracle.com/"/>
    <property name="os.name" value="Mac OS X"/>
    <property name="java.vm.specification.version" value="19"/>
    <property name="sun.java.launcher" value="SUN_STANDARD"/>
    <property name="user.country" value="TW"/>
    <property name="sun.boot.library.path" value="/Users/yun/Library/Java/JavaVirtualMachines/openjdk-19.0.2/Contents/Home/lib"/>
    <property name="sun.java.command" value="/Users/yun/Desktop/ApiDesignHW3/hw3/target/surefire/surefirebooter4378405120984218798.jar /Users/yun/Desktop/ApiDesignHW3/hw3/target/surefire 2023-09-25T18-34-48_508-jvmRun1 surefire17539675585748403508tmp surefire_017783821951150368902tmp"/>
    <property name="http.nonProxyHosts" value="local|*.local|169.254/16|*.169.254/16"/>
    <property name="jdk.debug" value="release"/>
    <property name="surefire.test.class.path" value="/Users/yun/Desktop/ApiDesignHW3/hw3/target/test-classes:/Users/yun/Desktop/ApiDesignHW3/hw3/target/classes:/Users/yun/.m2/repository/junit/junit/4.11/junit-4.11.jar:/Users/yun/.m2/repository/org/hamcrest/hamcrest-core/1.3/hamcrest-core-1.3.jar:"/>
    <property name="sun.cpu.endian" value="little"/>
    <property name="user.home" value="/Users/yun"/>
    <property name="user.language" value="en"/>
    <property name="java.specification.vendor" value="Oracle Corporation"/>
    <property name="java.version.date" value="2023-01-17"/>
    <property name="java.home" value="/Users/yun/Library/Java/JavaVirtualMachines/openjdk-19.0.2/Contents/Home"/>
    <property name="file.separator" value="/"/>
    <property name="basedir" value="/Users/yun/Desktop/ApiDesignHW3/hw3"/>
    <property name="java.vm.compressedOopsMode" value="Zero based"/>
    <property name="line.separator" value="&#10;"/>
    <property name="java.vm.specification.vendor" value="Oracle Corporation"/>
    <property name="java.specification.name" value="Java Platform API Specification"/>
    <property name="apple.awt.application.name" value="ForkedBooter"/>
    <property name="surefire.real.class.path" value="/Users/yun/Desktop/ApiDesignHW3/hw3/target/surefire/surefirebooter4378405120984218798.jar"/>
    <property name="sun.management.compiler" value="HotSpot 64-Bit Tiered Compilers"/>
    <property name="ftp.nonProxyHosts" value="local|*.local|169.254/16|*.169.254/16"/>
    <property name="java.runtime.version" value="19.0.2+7-44"/>
    <property name="user.name" value="yun"/>
    <property name="stdout.encoding" value="UTF-8"/>
    <property name="path.separator" value=":"/>
    <property name="os.version" value="13.5.2"/>
    <property name="java.runtime.name" value="OpenJDK Runtime Environment"/>
    <property name="file.encoding" value="UTF-8"/>
    <property name="java.vm.name" value="OpenJDK 64-Bit Server VM"/>
    <property name="localRepository" value="/Users/yun/.m2/repository"/>
    <property name="java.vendor.url.bug" value="https://bugreport.java.com/bugreport/"/>
    <property name="java.io.tmpdir" value="/var/folders/f0/vz_vv1ts3yd1jytqkj0cqm7h0000gn/T/"/>
    <property name="java.version" value="19.0.2"/>
    <property name="user.dir" value="/Users/yun/Desktop/ApiDesignHW3/hw3"/>
    <property name="os.arch" value="x86_64"/>
    <property name="java.vm.specification.name" value="Java Virtual Machine Specification"/>
    <property name="native.encoding" value="UTF-8"/>
    <property name="java.library.path" value="/Users/yun/Library/Java/Extensions:/Library/Java/Extensions:/Network/Library/Java/Extensions:/System/Library/Java/Extensions:/usr/lib/java:."/>
    <property name="java.vm.info" value="mixed mode, sharing"/>
    <property name="stderr.encoding" value="UTF-8"/>
    <property name="java.vendor" value="Oracle Corporation"/>
    <property name="java.vm.version" value="19.0.2+7-44"/>
    <property name="sun.io.unicode.encoding" value="UnicodeBig"/>
    <property name="socksNonProxyHosts" value="local|*.local|169.254/16|*.169.254/16"/>
    <property name="java.class.version" value="63.0"/>
  </properties>
  <testcase name="testEmptyPrettyPrintBoard" classname="edu.cmu.cs780.hw3.BoardTest" time="0.004"/>
  <testcase name="testPlayGameIsOver" classname="edu.cmu.cs780.hw3.BoardTest" time="0"/>
  <testcase name="testPlaySecondMove" classname="edu.cmu.cs780.hw3.BoardTest" time="0.008">
    <failure message="expected:&lt;...000&#10;0000000&#10;0000000&#10;[2]000000&#10;1000000&#10;&gt; but was:&lt;...000&#10;0000000&#10;0000000&#10;[1]000000&#10;1000000&#10;&gt;" type="org.junit.ComparisonFailure"><![CDATA[org.junit.ComparisonFailure: 
expected:<...000
0000000
0000000
[2]000000
1000000
> but was:<...000
0000000
0000000
[1]000000
1000000
>
	at edu.cmu.cs780.hw3.BoardTest.testPlaySecondMove(BoardTest.java:95)
]]></failure>
  </testcase>
  <testcase name="testPlayCannotPlaceChestAtColumn" classname="edu.cmu.cs780.hw3.BoardTest" time="0">
    <error message="Unresolved compilation problem: &#10;	String literal is not properly closed by a double-quote&#10;" type="java.lang.Error">java.lang.Error: 
Unresolved compilation problem: 
	String literal is not properly closed by a double-quote

	at edu.cmu.cs780.hw3.BoardTest.testPlayCannotPlaceChestAtColumn(BoardTest.java:116)
</error>
  </testcase>
  <testcase name="testPlayFirstMove" classname="edu.cmu.cs780.hw3.BoardTest" time="0.002"/>
</testsuite>