<?xml version="1.0" encoding="UTF-8"?>
<testsuite xmlns:xsi="http://www.w3.org/2001/XMLSchema-instance" xsi:noNamespaceSchemaLocation="https://maven.apache.org/surefire/maven-surefire-plugin/xsd/surefire-test-report.xsd" name="edu.cmu.cs780.hw3.BoardTest" time="0.052" tests="5" errors="0" skipped="0" failures="0">
  <properties>
[...]
</properties>
  <testcase name="testPlayGameIsOver" classname="edu.cmu.cs780.hw3.BoardTest" time="0.006"/>
  <testcase name="testPlaySecondMove" classname="edu.cmu.cs780.hw3.BoardTest" time="0.001"/>
  <testcase name="testEmptyrettyPrintBoard" classname="edu.cmu.cs780.hw3.BoardTest" time="0.001"/>
  <testcase name="testPlayCannotPlaceChestAtColumn" classname="edu.cmu.cs780.hw3.BoardTest" time="0.001"/>
  <testcase name="testPlayFirstMove" classname="edu.cmu.cs780.hw3.BoardTest" time="0.001"/>
</testsuite>