<?xml version="1.0" encoding="UTF-8"?>
<testsuite xmlns:xsi="http://www.w3.org/2001/XMLSchema-instance" xsi:noNamespaceSchemaLocation="https://maven.apache.org/surefire/maven-surefire-plugin/xsd/surefire-test-report.xsd" name="edu.cmu.cs780.hw3.GameTest" time="0.014" tests="10" errors="0" skipped="0" failures="0">
  <properties>
[...]
</properties>
  <testcase name="testHasWinner1" classname="edu.cmu.cs780.hw3.GameTest" time="0.002"/>
  <testcase name="testHasWinner2" classname="edu.cmu.cs780.hw3.GameTest" time="0"/>
  <testcase name="testHasWinner3" classname="edu.cmu.cs780.hw3.GameTest" time="0"/>
  <testcase name="testHasWinner4" classname="edu.cmu.cs780.hw3.GameTest" time="0"/>
  <testcase name="testHasWinner5" classname="edu.cmu.cs780.hw3.GameTest" time="0"/>
  <testcase name="testHasWinner6" classname="edu.cmu.cs780.hw3.GameTest" time="0"/>
  <testcase name="testEmptyPrettyPrintBoard" classname="edu.cmu.cs780.hw3.GameTest" time="0"/>
  <testcase name="testPlaceCheckerWinMove" classname="edu.cmu.cs780.hw3.GameTest" time="0"/>
  <testcase name="testPlaceCheckerFirstMove" classname="edu.cmu.cs780.hw3.GameTest" time="0.001"/>
  <testcase name="testPlaceCheckerSecondMove" classname="edu.cmu.cs780.hw3.GameTest" time="0"/>
</testsuite>